1 37.357267
2 18.425632
3 12.615697
4 9.691153
5 8.378687
6 7.168222
7 6.187135
8 5.403323
9 4.870378
10 4.417076
11 3.993543
12 3.748454
13 3.688229
14 3.405507
15 3.089337
16 2.904735
17 2.812550
18 3.095787
19 2.515657
20 2.579679
21 4.891910
22 3.471763
23 2.872644
24 3.896188
25 3.755111
26 5.919410
27 4.712857
28 10.447174
29 15.103499
30 21.649865
31 21.883181
32 21.745617
33 4.138070
34 4.531807
35 4.245915
36 4.469052
37 4.462776
38 4.277942
39 4.876335
40 4.778522
1 36.207390
2 18.263863
3 12.496559
4 9.954640
5 8.120156
6 7.054921
7 6.173980
8 5.396512
9 4.836475
10 4.495042
11 4.088448
12 3.784763
13 3.364329
14 3.313907
15 3.609812
16 2.975735
17 4.544879
18 2.742986
19 2.667022
20 3.206632
21 2.331075
22 3.661194
23 5.554835
24 3.317150
25 5.873093
26 3.750842
27 5.337001
28 10.415726
29 9.950300
30 22.274683
31 24.519063
32 23.064689
33 5.025877
34 4.723766
35 5.225814
36 5.063474
37 4.567718
38 4.229939
39 4.677918
40 4.571333
1 35.581820
2 18.485251
3 12.573229
4 9.670259
5 8.344520
6 7.050521
7 6.230614
8 5.375292
9 4.815772
10 4.433169
11 4.068750
12 3.786479
13 3.662924
14 3.654896
15 3.805508
16 3.017389
17 2.879158
18 3.347852
19 2.466382
20 2.472443
21 2.380519
22 3.210185
23 2.855942
24 2.183971
25 5.055339
26 8.049434
27 7.899220
28 5.704646
29 12.806917
30 14.766177
31 21.599404
32 22.253905
33 4.917419
34 4.244539
35 4.475294
36 4.181040
37 4.407711
38 4.285306
39 4.506401
40 4.533193
1 34.853824
2 18.362344
3 12.646777
4 9.575710
5 8.473149
6 7.065246
7 6.233179
8 5.376194
9 4.836852
10 4.368520
11 4.095532
12 3.712732
13 3.472934
14 3.301923
15 3.058278
16 3.144163
17 2.888050
18 2.778427
19 2.848629
20 2.604365
21 3.096723
22 2.804063
23 3.780284
24 3.209110
25 6.014043
26 4.798462
27 14.850972
28 15.130141
29 20.160970
30 22.014206
31 22.843130
32 21.704698
33 4.241925
34 4.519618
35 4.150651
36 4.326297
37 4.291062
38 4.557993
39 4.509849
40 4.574105
1 34.804608
2 18.638264
3 12.784584
4 10.112358
5 8.485287
6 7.152353
7 6.148289
8 5.405062
9 4.858523
10 4.370298
11 3.996026
12 3.847969
13 3.657689
14 3.330088
15 3.148184
16 2.811357
17 2.706927
18 3.542054
19 2.748435
20 2.792869
21 2.957659
22 2.700356
23 4.334962
24 2.654927
25 3.498606
26 6.239475
27 8.007261
28 5.516071
29 21.514000
30 18.090433
31 21.590838
32 22.673252
33 4.637336
34 4.455182
35 4.676296
36 4.491393
37 4.152537
38 4.638954
39 4.703572
40 4.581431
1 35.330634
2 18.583917
3 12.382105
4 9.885222
5 8.374897
6 6.991416
7 6.172900
8 5.375803
9 4.992950
10 4.426635
11 4.042725
12 3.699764
13 3.975736
14 3.551562
15 3.571974
16 4.073442
17 3.168027
18 3.460415
19 3.995334
20 3.270034
21 4.394776
22 3.272650
23 5.416499
24 4.721393
25 6.432688
26 8.618882
27 10.289692
28 16.094279
29 8.981237
30 19.480833
31 21.650191
32 22.302745
33 4.763751
34 4.292153
35 4.337928
36 4.427291
37 4.683793
38 4.899605
39 4.685640
40 4.930644
1 34.793374
2 18.575684
3 12.737892
4 9.649087
5 8.365876
6 7.150030
7 6.166337
8 5.450118
9 5.091805
10 4.351396
11 4.061549
12 3.859614
13 3.514178
14 3.370190
15 3.032197
16 3.033344
17 3.067285
18 2.784541
19 3.346380
20 2.663758
21 5.181452
22 2.215610
23 3.151454
24 4.458204
25 6.662186
26 9.148051
27 3.671846
28 16.256926
29 20.992912
30 22.240877
31 22.925521
32 21.857956
33 4.313568
34 4.483766
35 4.481461
36 4.600382
37 4.946831
38 4.632650
39 4.736360
40 4.661298
1 35.211927
2 19.729952
3 14.100458
4 10.644049
5 8.620003
6 7.242000
7 6.409874
8 5.639293
9 4.986597
10 4.585052
11 4.304549
12 4.116390
13 3.767022
14 3.303224
15 3.094834
16 3.247890
17 2.767098
18 2.930865
19 4.101703
20 2.726912
21 2.979479
22 3.620050
23 2.279784
24 2.778010
25 4.731351
26 8.212323
27 4.858928
28 14.244695
29 21.089100
30 21.116465
31 21.762030
32 22.374063
33 4.371980
34 4.384079
35 4.596526
36 4.693117
37 4.423968
38 4.847237
39 4.595496
40 4.551566
1 35.879647
2 18.286512
3 12.713242
4 9.979297
5 8.264254
6 7.130829
7 6.173898
8 5.436213
9 4.790065
10 4.346566
11 4.128458
12 3.740610
13 3.453603
14 3.332373
15 3.331333
16 3.303542
17 3.727283
18 2.737331
19 2.592042
20 2.466962
21 2.881186
22 2.667831
23 4.199679
24 2.113279
25 4.363423
26 4.994053
27 4.445279
28 7.736096
29 17.247421
30 21.859473
31 21.714451
32 22.477742
33 4.560227
34 4.166963
35 4.197414
36 4.356123
37 4.407125
38 4.502318
39 4.911716
40 5.296821
1 39.285388
2 20.408739
3 14.067140
4 10.195653
5 8.428631
6 7.256116
7 6.160705
8 5.396757
9 4.819089
10 4.428298
11 4.129102
12 3.698911
13 3.562186
14 3.227086
15 3.301873
16 2.965139
17 2.758050
18 3.268552
19 2.497575
20 2.422963
21 2.414115
22 3.034761
23 2.282625
24 4.717957
25 4.173395
26 7.294918
27 4.965527
28 7.316214
29 21.056358
30 21.275742
31 21.896294
32 22.358258
33 4.677210
34 4.201004
35 4.303252
36 4.728055
37 4.618012
38 4.413491
39 4.647026
40 4.581100
1 36.148300
2 18.753729
3 12.845343
4 9.977229
5 8.331949
6 7.128794
7 6.147766
8 5.492975
9 4.796728
10 4.357214
11 4.041993
12 3.830592
13 3.753382
14 3.213411
15 3.149082
16 2.999777
17 2.847759
18 3.140585
19 3.502520
20 2.532327
21 2.670503
22 2.881343
23 2.874206
24 2.383614
25 2.876847
26 2.716220
27 5.662120
28 13.102054
29 21.240787
30 21.644633
31 21.474742
32 23.495226
33 5.036484
34 5.118910
35 4.875797
36 5.237551
37 4.975724
38 5.361602
39 5.127111
40 5.381725
1 37.199287
2 18.590934
3 12.650787
4 10.142162
5 8.477801
6 6.907667
7 6.212535
8 5.358747
9 4.796561
10 4.387251
11 4.109570
12 3.799512
13 3.473713
14 3.372689
15 3.257308
16 3.189597
17 2.731183
18 4.354829
19 2.536654
20 2.382423
21 3.691746
22 2.475856
23 4.523277
24 2.870625
25 2.474075
26 4.648809
27 3.220508
28 6.250192
29 20.147082
30 21.718006
31 21.679494
32 22.208241
33 4.775916
34 4.398097
35 4.856097
36 4.056059
37 4.565868
38 4.576857
39 4.891559
40 4.301614
1 35.017416
2 18.386857
3 12.591309
4 9.754250
5 8.278714
6 7.134211
7 6.119590
8 5.429945
9 4.859239
10 4.416374
11 3.985509
12 3.734504
13 3.703978
14 3.376650
15 3.221681
16 2.814201
17 2.977109
18 2.883849
19 2.685300
20 2.787782
21 2.511384
22 3.138391
23 2.137809
24 2.099962
25 3.984903
26 4.867421
27 5.324200
28 13.742178
29 10.317316
30 22.167352
31 22.398653
32 23.229455
33 5.130229
34 4.770582
35 5.067419
36 5.100102
37 5.242426
38 4.673821
39 5.050448
40 4.678595
1 34.724760
2 18.560482
3 12.455734
4 9.900698
5 8.421030
6 6.935321
7 6.167679
8 5.425854
9 4.821165
10 4.583393
11 4.073619
12 3.812520
13 3.478579
14 3.374871
15 3.117132
16 3.166388
17 2.722616
18 2.740394
19 2.486566
20 3.178158
21 4.456999
22 2.484678
23 3.107235
24 4.169126
25 3.099037
26 7.950390
27 5.376044
28 3.494823
29 19.219092
30 21.502303
31 21.670771
32 22.569703
33 4.313019
34 4.610487
35 4.739597
36 4.391280
37 4.598995
38 4.365449
39 4.391218
40 4.668464
1 36.332732
2 18.503856
3 12.690454
4 9.579110
5 8.485375
6 7.075113
7 6.273704
8 5.469779
9 4.808784
10 4.347921
11 4.077091
12 3.685725
13 3.549724
14 3.147178
15 3.112523
16 2.991905
17 2.826735
18 2.667383
19 3.028924
20 2.663696
21 2.380880
22 4.286914
23 3.965252
24 2.548790
25 3.368828
26 9.193471
27 12.193736
28 17.059621
29 18.876280
30 22.207262
31 21.925697
32 22.531002
33 4.387893
34 4.273854
35 4.528718
36 4.272266
37 4.548419
38 4.498650
39 4.480095
40 4.570719
1 34.873408
2 18.429289
3 12.832111
4 10.219055
5 8.428055
6 7.173920
7 6.164972
8 5.394031
9 4.940089
10 4.426536
11 4.044468
12 3.923339
13 3.640412
14 3.458160
15 3.092310
16 3.035891
17 3.199851
18 2.945856
19 2.995659
20 2.713831
21 2.929625
22 2.746151
23 2.843029
24 4.474523
25 3.767846
26 3.214729
27 3.745767
28 8.395681
29 7.805234
30 15.466651
31 21.869664
32 22.048575
33 4.290105
34 4.481170
35 4.707542
36 4.265428
37 4.370921
38 4.967871
39 4.378722
40 4.562849
1 34.651733
2 18.355283
3 12.678657
4 9.945938
5 8.346781
6 7.014229
7 6.202883
8 5.387855
9 4.827062
10 4.403465
11 4.036393
12 3.947135
13 3.531491
14 3.248791
15 3.246679
16 3.368467
17 3.505275
18 3.045936
19 3.084347
20 3.480493
21 3.461891
22 5.043349
23 3.390222
24 3.223670
25 4.048645
26 9.119464
27 13.109076
28 17.014609
29 17.623003
30 21.522073
31 21.511526
32 22.126588
33 4.530371
34 4.423089
35 4.804417
36 4.476267
37 4.455412
38 4.762389
39 4.471338
40 5.068473
1 34.791509
2 18.341049
3 12.673590
4 9.818717
5 8.237053
6 6.978258
7 6.253087
8 5.359949
9 4.823494
10 4.367958
11 4.095850
12 3.738791
13 3.519657
14 3.289760
15 3.178748
16 2.893722
17 2.767639
18 3.096668
19 3.199135
20 2.391648
21 2.592126
22 3.343009
23 2.365266
24 2.760165
25 5.097827
26 4.691912
27 7.037686
28 14.948559
29 19.749269
30 21.556751
31 22.236074
32 22.054062
33 4.305087
34 4.458563
35 4.379350
36 4.322256
37 4.333554
38 4.290384
39 4.651233
40 4.702040
1 34.664669
2 18.438799
3 12.664387
4 10.670087
5 8.716709
6 7.195402
7 6.266023
8 5.704457
9 4.947126
10 4.796951
11 4.179692
12 3.986127
13 3.718156
14 3.773304
15 3.506462
16 3.375635
17 3.529586
18 3.063204
19 2.835520
20 3.029501
21 2.893325
22 2.674044
23 3.692087
24 2.679694
25 6.772130
26 3.493032
27 6.990734
28 5.364652
29 14.952485
30 21.722212
31 19.911533
32 22.390309
33 4.479517
34 4.423430
35 4.332032
36 4.132852
37 4.436171
38 4.574867
39 4.801591
40 4.489958
1 34.627645
2 18.402616
3 12.577954
4 9.944130
5 8.277105
6 7.070532
7 6.121920
8 5.413636
9 4.877664
10 4.423110
11 4.000475
12 3.729209
13 3.668515
14 3.360897
15 3.390133
16 2.940640
17 2.719616
18 2.694971
19 2.824361
20 2.640361
21 2.328602
22 3.208596
23 3.501731
24 2.210404
25 4.176060
26 3.972757
27 6.122773
28 3.878508
29 14.308064
30 21.317715
31 21.432336
32 22.117022
33 4.283921
34 4.242604
35 4.387097
36 4.415616
37 4.574736
38 5.012428
39 4.662878
40 4.781588
1 34.771212
2 19.265102
3 14.061123
4 10.690487
5 8.624286
6 7.302925
7 6.195482
8 5.690710
9 4.985684
10 4.590540
11 4.217410
12 4.114715
13 3.688171
14 3.444735
15 2.974109
16 2.867063
17 3.702290
18 2.823088
19 2.765958
20 2.831261
21 2.331887
22 2.274626
23 3.046297
24 2.083427
25 3.253422
26 5.778283
27 8.120089
28 5.116336
29 16.040310
30 17.569865
31 22.176664
32 21.696060
33 4.163272
34 4.069745
35 4.392249
36 4.490942
37 4.580468
38 4.651231
39 4.430475
40 5.079899
1 36.303676
2 18.393117
3 12.940697
4 9.609975
5 8.384657
6 7.116115
7 6.154652
8 5.381193
9 4.817955
10 4.349977
11 4.138624
12 3.784756
13 3.557753
14 3.336349
15 3.125894
16 2.963655
17 3.110430
18 2.658905
19 3.433724
20 2.522501
21 2.326017
22 4.184939
23 3.194934
24 2.449067
25 3.598773
26 4.039816
27 7.402621
28 5.260928
29 16.152793
30 21.259550
31 21.676022
32 21.791307
33 3.989828
34 4.524136
35 4.310777
36 4.321138
37 4.208713
38 4.672369
39 4.691367
40 4.686799
1 37.910539
2 20.719607
3 13.941023
4 10.732581
5 8.581291
6 7.395985
7 6.161092
8 5.485427
9 4.862082
10 4.359546
11 3.951558
12 3.766824
13 3.592108
14 3.233297
15 3.131074
16 2.994777
17 2.770725
18 3.008683
19 3.434786
20 2.470183
21 2.895170
22 3.826939
23 3.004779
24 3.256180
25 3.177916
26 6.263932
27 3.712557
28 6.680462
29 10.095146
30 21.056375
31 21.746043
32 21.869766
33 4.111905
34 4.308794
35 4.609535
36 4.085907
37 4.877207
38 4.622669
39 4.460417
40 4.444599
1 36.313242
2 18.578405
3 12.562407
4 9.546405
5 8.363609
6 7.159340
7 6.109895
8 5.533012
9 4.870719
10 4.416421
11 3.995359
12 3.837464
13 3.547372
14 3.273371
15 3.159817
16 2.942248
17 2.816643
18 2.813109
19 3.093567
20 2.367796
21 4.405041
22 2.331594
23 2.193340
24 3.772452
25 3.222157
26 6.452878
27 3.789906
28 7.654591
29 17.888156
30 21.486609
31 21.098911
32 21.838484
33 4.348696
34 3.995526
35 4.598500
36 4.440778
37 4.468886
38 4.878440
39 5.408371
40 5.264780
1 38.959533
2 20.518938
3 13.989531
4 9.984697
5 8.391250
6 7.165458
7 6.138375
8 5.447097
9 4.860089
10 4.380988
11 4.002161
12 3.715083
13 3.513948
14 3.405160
15 3.373917
16 3.488969
17 2.698742
18 2.650189
19 2.771849
20 2.989065
21 2.580655
22 2.522237
23 2.412597
24 4.035899
25 3.346170
26 3.777065
27 7.169308
28 8.194284
29 15.120102
30 21.828659
31 21.963380
32 22.150544
33 4.270922
34 4.024070
35 4.532649
36 4.328934
37 4.492425
38 4.475406
39 5.106873
40 4.480848
1 36.467782
2 18.482193
3 12.833744
4 9.836207
5 8.491593
6 7.070905
7 6.155660
8 5.667938
9 4.808207
10 4.424253
11 4.026499
12 3.778850
13 3.500701
14 3.213475
15 3.165422
16 3.108444
17 2.890137
18 2.792445
19 2.951567
20 4.091482
21 2.698028
22 2.615997
23 3.299503
24 2.984552
25 5.728773
26 5.155027
27 6.042625
28 10.653094
29 21.039674
